[35m[Appium][39m Welcome to Appium v1.15.1
[35m[Appium][39m Non-default server args:
[35m[Appium][39m   port: 33097
[35m[Appium][39m   loglevel: info
[35m[Appium][39m   chromeDriverPort: 33098
[35m[Appium][39m   tmpDir: C:\Users\admin\AppData\Local\Temp\\Katalon\Appium\Temp1582490552904
[35m[Appium][39m Appium REST http interface listener started on 0.0.0.0:33097
[35m[HTTP][39m [37m-->[39m [37mGET[39m [37m/wd/hub/status[39m
[35m[HTTP][39m [90m{}[39m
[35m[HTTP][39m [37m<-- GET /wd/hub/status [39m[32m200[39m [90m5 ms - 68[39m
[35m[HTTP][39m [90m[39m
[35m[HTTP][39m [37m-->[39m [37mPOST[39m [37m/wd/hub/session[39m
[35m[HTTP][39m [90m{"desiredCapabilities":{"appActivity":".Settings","appPackage":"com.android.settings","newCommandTimeout":1800,"platformVersion":"9","automationName":"uiautomator2","autoGrantPermissions":true,"platformName":"Android","udid":"J4AXGF06M964C44","deviceName":"asus ASUS_X017DA (Android 9)","platform":"ANDROID","systemPort":8294},"capabilities":{"firstMatch":[{"appium:appActivity":".Settings","appium:appPackage":"com.android.settings","appium:autoGrantPermissions":true,"appium:automationName":"uiautomator2","appium:deviceName":"asus ASUS_X017DA (Android 9)","appium:newCommandTimeout":1800,"platform":"ANDROID","platformName":"android","appium:platformVersion":"9","appium:systemPort":8294,"appium:udid":"J4AXGF06M964C44"}]}}[39m
[35m[BaseDriver][39m The capabilities ["platform"] are not standard capabilities and should have an extension prefix
[35m[Appium][39m Appium v1.15.1 creating new AndroidUiautomator2Driver (v1.37.2) session
[35m[BaseDriver][39m The following capabilities were provided, but are not recognized by Appium:
[35m[BaseDriver][39m   platform
[35m[BaseDriver][39m Session created with session id: f6c4b0dc-98c1-42f4-a1c9-c98e24655def
[35m[UiAutomator2][39m Starting 'com.android.settings' directly on the device
[35m[ADB][39m Found 1 'build-tools' folders under 'C:\Users\admin\.katalon\tools\android_sdk' (newest first):
[35m[ADB][39m     C:/Users/admin/.katalon/tools/android_sdk/build-tools/29.0.2
[35m[ADB][39m Using 'adb.exe' from 'C:\Users\admin\.katalon\tools\android_sdk\platform-tools\adb.exe'
[35m[AndroidDriver][39m Retrieving device list
[35m[AndroidDriver][39m Using device: J4AXGF06M964C44
[35m[ADB][39m Using 'adb.exe' from 'C:\Users\admin\.katalon\tools\android_sdk\platform-tools\adb.exe'
[35m[UiAutomator2][39m Relaxing hidden api policy
[35m[AndroidDriver][39m No app sent in, not parsing package/activity
[35m[ADB][39m Cannot extract apk info using apkanalyzer. Falling back to aapt. Original error: Could not find 'apkanalyzer.bat' in ["C:\\Users\\admin\\.katalon\\tools\\android_sdk\\platform-tools\\apkanalyzer.bat","C:\\Users\\admin\\.katalon\\tools\\android_sdk\\emulator\\apkanalyzer.bat","C:\\Users\\admin\\.katalon\\tools\\android_sdk\\tools\\apkanalyzer.bat","C:\\Users\\admin\\.katalon\\tools\\android_sdk\\tools\\bin\\apkanalyzer.bat","C:\\Users\\admin\\.katalon\\tools\\android_sdk\\build-tools\\29.0.2\\apkanalyzer.bat"]. Do you have Android Build Tools installed at 'C:\Users\admin\.katalon\tools\android_sdk'?
[35m[ADB][39m Using 'aapt.exe' from 'C:\Users\admin\.katalon\tools\android_sdk\build-tools\29.0.2\aapt.exe'
[35m[ADB][39m Cannot extract apk info using apkanalyzer. Falling back to aapt. Original error: Could not find 'apkanalyzer.bat' in ["C:\\Users\\admin\\.katalon\\tools\\android_sdk\\platform-tools\\apkanalyzer.bat","C:\\Users\\admin\\.katalon\\tools\\android_sdk\\emulator\\apkanalyzer.bat","C:\\Users\\admin\\.katalon\\tools\\android_sdk\\tools\\apkanalyzer.bat","C:\\Users\\admin\\.katalon\\tools\\android_sdk\\tools\\bin\\apkanalyzer.bat","C:\\Users\\admin\\.katalon\\tools\\android_sdk\\build-tools\\29.0.2\\apkanalyzer.bat"]. Do you have Android Build Tools installed at 'C:\Users\admin\.katalon\tools\android_sdk'?
[35m[ADB][39m Using 'apksigner.bat' from 'C:\Users\admin\.katalon\tools\android_sdk\build-tools\29.0.2\apksigner.bat'
[35m[UiAutomator2][39m Server packages are not going to be (re)installed
