<?xml version="1.0" encoding="UTF-8" standalone="no"?>
<!DOCTYPE log SYSTEM "logger.dtd">
<log>
<record>
  <date>2020-02-24T03:42:30</date>
  <millis>1582490550498</millis>
  <sequence>0</sequence>
  <level>START</level>
  <class>com.kms.katalon.core.logging.XmlKeywordLogger</class>
  <method>startSuite</method>
  <thread>1</thread>
  <message>Start Test Suite : Test Suites/TSA_Halodoc_001</message>
  <nestedLevel>0</nestedLevel>
  <property name="name">TSA_Halodoc_001</property>
  <property name="description"></property>
  <property name="id">Test Suites/TSA_Halodoc_001</property>
</record>
<record>
  <date>2020-02-24T03:42:30</date>
  <millis>1582490550515</millis>
  <sequence>1</sequence>
  <level>RUN_DATA</level>
  <class>com.kms.katalon.core.logging.XmlKeywordLogger</class>
  <method>logMessage</method>
  <thread>1</thread>
  <message>hostName = admin - ISGS-FJRR.local</message>
  <nestedLevel>0</nestedLevel>
  <property name="hostName">admin - ISGS-FJRR.local</property>
</record>
<record>
  <date>2020-02-24T03:42:30</date>
  <millis>1582490550517</millis>
  <sequence>2</sequence>
  <level>RUN_DATA</level>
  <class>com.kms.katalon.core.logging.XmlKeywordLogger</class>
  <method>logMessage</method>
  <thread>1</thread>
  <message>os = Windows 10 64bit</message>
  <nestedLevel>0</nestedLevel>
  <property name="os">Windows 10 64bit</property>
</record>
<record>
  <date>2020-02-24T03:42:30</date>
  <millis>1582490550518</millis>
  <sequence>3</sequence>
  <level>RUN_DATA</level>
  <class>com.kms.katalon.core.logging.XmlKeywordLogger</class>
  <method>logMessage</method>
  <thread>1</thread>
  <message>hostAddress = 192.168.1.5</message>
  <nestedLevel>0</nestedLevel>
  <property name="hostAddress">192.168.1.5</property>
</record>
<record>
  <date>2020-02-24T03:42:30</date>
  <millis>1582490550520</millis>
  <sequence>4</sequence>
  <level>RUN_DATA</level>
  <class>com.kms.katalon.core.logging.XmlKeywordLogger</class>
  <method>logMessage</method>
  <thread>1</thread>
  <message>katalonVersion = 7.1.0.1</message>
  <nestedLevel>0</nestedLevel>
  <property name="katalonVersion">7.1.0.1</property>
</record>
<record>
  <date>2020-02-24T03:42:30</date>
  <millis>1582490550950</millis>
  <sequence>5</sequence>
  <level>START</level>
  <class>com.kms.katalon.core.logging.XmlKeywordLogger</class>
  <method>startTest</method>
  <thread>1</thread>
  <message>Start Test Case : Test Cases/TestCase Scenario/TSA_001</message>
  <nestedLevel>1</nestedLevel>
  <property name="name">Test Cases/TestCase Scenario/TSA_001</property>
  <property name="description"></property>
  <property name="id">Test Cases/TestCase Scenario/TSA_001</property>
  <property name="source">C:\\Users\\admin\\git\\HaloddocTest\\Test Cases\\TestCase Scenario\\TSA_001.tc</property>
  <property name="tag"></property>
  <property name="isOptional">false</property>
</record>
<record>
  <date>2020-02-24T03:42:31</date>
  <millis>1582490551649</millis>
  <sequence>7</sequence>
  <level>START</level>
  <class>com.kms.katalon.core.logging.XmlKeywordLogger</class>
  <method>startKeyword</method>
  <thread>1</thread>
  <message>Start action : callTestCase(findTestCase(\&amp;quot;TestCase Activity/Provisioning\&amp;quot;), [:], STOP_ON_FAILURE)</message>
  <nestedLevel>1</nestedLevel>
  <property name="startLine">18</property>
  <property name="stepIndex">1</property>
</record>
<record>
  <date>2020-02-24T03:42:31</date>
  <millis>1582490551964</millis>
  <sequence>10</sequence>
  <level>START</level>
  <class>com.kms.katalon.core.logging.XmlKeywordLogger</class>
  <method>startTest</method>
  <thread>1</thread>
  <message>Start Test Case : Test Cases/TestCase Activity/Provisioning</message>
  <nestedLevel>2</nestedLevel>
  <property name="name">Test Cases/TestCase Activity/Provisioning</property>
  <property name="description"></property>
  <property name="id">Test Cases/TestCase Activity/Provisioning</property>
  <property name="source">C:\\Users\\admin\\git\\HaloddocTest\\Test Cases\\TestCase Activity\\Provisioning.tc</property>
  <property name="tag"></property>
  <property name="isOptional">false</property>
</record>
<record>
  <date>2020-02-24T03:42:32</date>
  <millis>1582490552302</millis>
  <sequence>12</sequence>
  <level>START</level>
  <class>com.kms.katalon.core.logging.XmlKeywordLogger</class>
  <method>startKeyword</method>
  <thread>1</thread>
  <message>Start action : startExistingApplication(APK, STOP_ON_FAILURE)</message>
  <nestedLevel>1</nestedLevel>
  <property name="startLine">18</property>
  <property name="stepIndex">1</property>
</record>
<record>
  <date>2020-02-24T03:42:35</date>
  <millis>1582490555501</millis>
  <sequence>14</sequence>
  <level>INFO</level>
  <class>com.kms.katalon.core.logging.XmlKeywordLogger</class>
  <method>logMessage</method>
  <thread>1</thread>
  <message>Appium server started on port 33,097</message>
  <nestedLevel>2</nestedLevel>
</record>
</log>