[35m[Appium][39m Welcome to Appium v1.15.1
[35m[Appium][39m Non-default server args:
[35m[Appium][39m   port: 39135
[35m[Appium][39m   loglevel: info
[35m[Appium][39m   chromeDriverPort: 39136
[35m[Appium][39m   tmpDir: C:\Users\admin\AppData\Local\Temp\\Katalon\Appium\Temp1582517567843
[35m[Appium][39m Appium REST http interface listener started on 0.0.0.0:39135
[35m[HTTP][39m [37m-->[39m [37mGET[39m [37m/wd/hub/status[39m
[35m[HTTP][39m [90m{}[39m
[35m[HTTP][39m [37m<-- GET /wd/hub/status [39m[32m200[39m [90m17 ms - 68[39m
[35m[HTTP][39m [90m[39m
[35m[HTTP][39m [37m-->[39m [37mPOST[39m [37m/wd/hub/session[39m
[35m[HTTP][39m [90m{"desiredCapabilities":{"app":"C:\\Users\\admin\\Documents\\Prepare for New Job\\halodoc\\Halodoc Doctors Medicine Appointments_v6.600_apkpure.com.apk","noReset":true,"deviceName":"asus ASUS_X017DA (Android 9)","fullReset":false,"platform":"ANDROID","newCommandTimeout":1800,"platformVersion":"9","automationName":"uiautomator2","autoGrantPermissions":true,"platformName":"Android","udid":"J4AXGF06M964C44","systemPort":39134},"capabilities":{"firstMatch":[{"appium:app":"C:\\Users\\admin\\Documents\\Prepare for New Job\\halodoc\\Halodoc Doctors Medicine Appointments_v6.600_apkpure.com.apk","appium:autoGrantPermissions":true,"appium:automationName":"uiautomator2","appium:deviceName":"asus ASUS_X017DA (Android 9)","appium:fullReset":false,"appium:newCommandTimeout":1800,"appium:noReset":true,"platform":"ANDROID","platformName":"android","appium:platformVersion":"9","appium:systemPort":39134,"appium:udid":"J4AXGF06M964C44"}]}}[39m
[35m[BaseDriver][39m The capabilities ["platform"] are not standard capabilities and should have an extension prefix
[35m[Appium][39m Appium v1.15.1 creating new AndroidUiautomator2Driver (v1.37.2) session
[35m[BaseDriver][39m The following capabilities were provided, but are not recognized by Appium:
[35m[BaseDriver][39m   platform
[35m[BaseDriver][39m Session created with session id: 8dc58bf8-8224-4bc9-a06b-982d686097a4
[35m[BaseDriver][39m Using local app 'C:\Users\admin\Documents\Prepare for New Job\halodoc\Halodoc Doctors Medicine Appointments_v6.600_apkpure.com.apk'
[35m[ADB][39m Found 1 'build-tools' folders under 'C:\Users\admin\.katalon\tools\android_sdk' (newest first):
[35m[ADB][39m     C:/Users/admin/.katalon/tools/android_sdk/build-tools/29.0.2
[35m[ADB][39m Using 'adb.exe' from 'C:\Users\admin\.katalon\tools\android_sdk\platform-tools\adb.exe'
[35m[AndroidDriver][39m Retrieving device list
[35m[AndroidDriver][39m Using device: J4AXGF06M964C44
[35m[ADB][39m Using 'adb.exe' from 'C:\Users\admin\.katalon\tools\android_sdk\platform-tools\adb.exe'
[35m[UiAutomator2][39m Relaxing hidden api policy
[35m[ADB][39m Using the alternative activity name detection method because of: Could not find 'apkanalyzer.bat' in ["C:\\Users\\admin\\.katalon\\tools\\android_sdk\\platform-tools\\apkanalyzer.bat","C:\\Users\\admin\\.katalon\\tools\\android_sdk\\emulator\\apkanalyzer.bat","C:\\Users\\admin\\.katalon\\tools\\android_sdk\\tools\\apkanalyzer.bat","C:\\Users\\admin\\.katalon\\tools\\android_sdk\\tools\\bin\\apkanalyzer.bat","C:\\Users\\admin\\.katalon\\tools\\android_sdk\\build-tools\\29.0.2\\apkanalyzer.bat"]. Do you have Android Build Tools installed at 'C:\Users\admin\.katalon\tools\android_sdk'?
[35m[ADB][39m Using 'aapt.exe' from 'C:\Users\admin\.katalon\tools\android_sdk\build-tools\29.0.2\aapt.exe'
[35m[ADB][39m Extracting package and launch activity from manifest
[35m[ADB][39m Package name: 'com.linkdokter.halodoc.android'
[35m[ADB][39m Main activity name: 'com.linkdokter.halodoc.android.ui.activity.SplashActivity'
[35m[ADB][39m Cannot extract apk info using apkanalyzer. Falling back to aapt. Original error: Could not find 'apkanalyzer.bat' in ["C:\\Users\\admin\\.katalon\\tools\\android_sdk\\platform-tools\\apkanalyzer.bat","C:\\Users\\admin\\.katalon\\tools\\android_sdk\\emulator\\apkanalyzer.bat","C:\\Users\\admin\\.katalon\\tools\\android_sdk\\tools\\apkanalyzer.bat","C:\\Users\\admin\\.katalon\\tools\\android_sdk\\tools\\bin\\apkanalyzer.bat","C:\\Users\\admin\\.katalon\\tools\\android_sdk\\build-tools\\29.0.2\\apkanalyzer.bat"]. Do you have Android Build Tools installed at 'C:\Users\admin\.katalon\tools\android_sdk'?
[35m[ADB][39m Cannot extract apk info using apkanalyzer. Falling back to aapt. Original error: Could not find 'apkanalyzer.bat' in ["C:\\Users\\admin\\.katalon\\tools\\android_sdk\\platform-tools\\apkanalyzer.bat","C:\\Users\\admin\\.katalon\\tools\\android_sdk\\emulator\\apkanalyzer.bat","C:\\Users\\admin\\.katalon\\tools\\android_sdk\\tools\\apkanalyzer.bat","C:\\Users\\admin\\.katalon\\tools\\android_sdk\\tools\\bin\\apkanalyzer.bat","C:\\Users\\admin\\.katalon\\tools\\android_sdk\\build-tools\\29.0.2\\apkanalyzer.bat"]. Do you have Android Build Tools installed at 'C:\Users\admin\.katalon\tools\android_sdk'?
[35m[ADB][39m Using 'apksigner.bat' from 'C:\Users\admin\.katalon\tools\android_sdk\build-tools\29.0.2\apksigner.bat'
[35m[UiAutomator2][39m Server packages are not going to be (re)installed
[35m[ADB][39m Cannot extract apk info using apkanalyzer. Falling back to aapt. Original error: Could not find 'apkanalyzer.bat' in ["C:\\Users\\admin\\.katalon\\tools\\android_sdk\\platform-tools\\apkanalyzer.bat","C:\\Users\\admin\\.katalon\\tools\\android_sdk\\emulator\\apkanalyzer.bat","C:\\Users\\admin\\.katalon\\tools\\android_sdk\\tools\\apkanalyzer.bat","C:\\Users\\admin\\.katalon\\tools\\android_sdk\\tools\\bin\\apkanalyzer.bat","C:\\Users\\admin\\.katalon\\tools\\android_sdk\\build-tools\\29.0.2\\apkanalyzer.bat"]. Do you have Android Build Tools installed at 'C:\Users\admin\.katalon\tools\android_sdk'?
[35m[UiAutomator2][39m Starting UIAutomator2 server 4.3.0
[35m[UiAutomator2][39m Using UIAutomator2 server from 'C:\Users\admin\AppData\Roaming\npm\node_modules\appium\node_modules\appium-uiautomator2-server\apks\appium-uiautomator2-server-v4.3.0.apk' and test from 'C:\Users\admin\AppData\Roaming\npm\node_modules\appium\node_modules\appium-uiautomator2-server\apks\appium-uiautomator2-server-debug-androidTest.apk'
[35m[UiAutomator2][39m Waiting up to 30000ms for UiAutomator2 to be online...
[35m[WD Proxy][39m Got an unexpected response with status undefined: {"code":"ECONNRESET"}
[35m[WD Proxy][39m Got an unexpected response with status undefined: {"code":"ECONNRESET"}
[35m[WD Proxy][39m Got an unexpected response with status undefined: {"code":"ECONNRESET"}
[35m[WD Proxy][39m Determined the downstream protocol as 'W3C'
[35m[AndroidDriver][39m Screen already unlocked, doing nothing
[35m[UiAutomator2][39m Starting 'com.linkdokter.halodoc.android/com.linkdokter.halodoc.android.ui.activity.SplashActivity and waiting for 'com.linkdokter.halodoc.android/com.linkdokter.halodoc.android.ui.activity.SplashActivity'
[35m[Appium][39m New AndroidUiautomator2Driver session created successfully, session 8dc58bf8-8224-4bc9-a06b-982d686097a4 added to master session list
[35m[HTTP][39m [37m<-- POST /wd/hub/session [39m[32m200[39m [90m13758 ms - 1366[39m
[35m[HTTP][39m [90m[39m
[35m[HTTP][39m [37m-->[39m [37mGET[39m [37m/wd/hub/session/8dc58bf8-8224-4bc9-a06b-982d686097a4[39m
[35m[HTTP][39m [90m{}[39m
[35m[HTTP][39m [37m<-- GET /wd/hub/session/8dc58bf8-8224-4bc9-a06b-982d686097a4 [39m[32m200[39m [90m85 ms - 1298[39m
[35m[HTTP][39m [90m[39m
[35m[HTTP][39m [37m-->[39m [37mGET[39m [37m/wd/hub/session/8dc58bf8-8224-4bc9-a06b-982d686097a4[39m
[35m[HTTP][39m [90m{}[39m
[35m[HTTP][39m [37m<-- GET /wd/hub/session/8dc58bf8-8224-4bc9-a06b-982d686097a4 [39m[32m200[39m [90m56 ms - 1298[39m
[35m[HTTP][39m [90m[39m
[35m[HTTP][39m [37m-->[39m [37mGET[39m [37m/wd/hub/status[39m
[35m[HTTP][39m [90m{}[39m
[35m[HTTP][39m [37m<-- GET /wd/hub/status [39m[32m200[39m [90m1 ms - 68[39m
[35m[HTTP][39m [90m[39m
[35m[HTTP][39m [37m-->[39m [37mPOST[39m [37m/wd/hub/session/8dc58bf8-8224-4bc9-a06b-982d686097a4/timeouts[39m
[35m[HTTP][39m [90m{"implicit":30000}[39m
[35m[HTTP][39m [37m<-- POST /wd/hub/session/8dc58bf8-8224-4bc9-a06b-982d686097a4/timeouts [39m[32m200[39m [90m6 ms - 14[39m
[35m[HTTP][39m [90m[39m
[35m[HTTP][39m [37m-->[39m [37mPOST[39m [37m/wd/hub/session/8dc58bf8-8224-4bc9-a06b-982d686097a4/timeouts[39m
[35m[HTTP][39m [90m{"implicit":50}[39m
[35m[HTTP][39m [37m<-- POST /wd/hub/session/8dc58bf8-8224-4bc9-a06b-982d686097a4/timeouts [39m[32m200[39m [90m2 ms - 14[39m
[35m[HTTP][39m [90m[39m
[35m[HTTP][39m [37m-->[39m [37mGET[39m [37m/wd/hub/session/8dc58bf8-8224-4bc9-a06b-982d686097a4/window/rect[39m
[35m[HTTP][39m [90m{}[39m
[35m[HTTP][39m [37m<-- GET /wd/hub/session/8dc58bf8-8224-4bc9-a06b-982d686097a4/window/rect [39m[32m200[39m [90m46 ms - 50[39m
[35m[HTTP][39m [90m[39m
[35m[HTTP][39m [37m-->[39m [37mPOST[39m [37m/wd/hub/session/8dc58bf8-8224-4bc9-a06b-982d686097a4/elements[39m
[35m[HTTP][39m [90m{"using":"-android uiautomator","value":"new UiSelector().className(\"android.widget.TextView\").resourceId(\"com.linkdokter.halodoc.android:id/ev_phone_number\")"}[39m
[35m[HTTP][39m [37m<-- POST /wd/hub/session/8dc58bf8-8224-4bc9-a06b-982d686097a4/elements [39m[32m200[39m [90m938 ms - 139[39m
[35m[HTTP][39m [90m[39m
[35m[HTTP][39m [37m-->[39m [37mGET[39m [37m/wd/hub/session/8dc58bf8-8224-4bc9-a06b-982d686097a4/element/82f30e78-3ef7-4734-97e0-43acc43f4db1/location[39m
[35m[HTTP][39m [90m{}[39m
[35m[W3C (8dc58bf8)][39m Driver proxy active, passing request on via HTTP proxy
[35m[WD Proxy][39m Replacing sessionId ad0faabb-c07f-40c8-b1e2-b11ee2349935 with 8dc58bf8-8224-4bc9-a06b-982d686097a4
[35m[HTTP][39m [37m<-- GET /wd/hub/session/8dc58bf8-8224-4bc9-a06b-982d686097a4/element/82f30e78-3ef7-4734-97e0-43acc43f4db1/location [39m[32m200[39m [90m90 ms - 79[39m
[35m[HTTP][39m [90m[39m
[35m[HTTP][39m [37m-->[39m [37mPOST[39m [37m/wd/hub/session/8dc58bf8-8224-4bc9-a06b-982d686097a4/timeouts[39m
[35m[HTTP][39m [90m{"implicit":30000}[39m
[35m[HTTP][39m [37m<-- POST /wd/hub/session/8dc58bf8-8224-4bc9-a06b-982d686097a4/timeouts [39m[32m200[39m [90m7 ms - 14[39m
[35m[HTTP][39m [90m[39m
[35m[HTTP][39m [37m-->[39m [37mGET[39m [37m/wd/hub/session/8dc58bf8-8224-4bc9-a06b-982d686097a4/context[39m
[35m[HTTP][39m [90m{}[39m
[35m[HTTP][39m [37m<-- GET /wd/hub/session/8dc58bf8-8224-4bc9-a06b-982d686097a4/context [39m[32m200[39m [90m2 ms - 22[39m
[35m[HTTP][39m [90m[39m
[35m[HTTP][39m [37m-->[39m [37mGET[39m [37m/wd/hub/session/8dc58bf8-8224-4bc9-a06b-982d686097a4/contexts[39m
[35m[HTTP][39m [90m{}[39m
[35m[AndroidDriver][39m Not checking whether webviews have active pages; use the 'ensureWebviewsHavePages' cap to turn this check on
[35m[HTTP][39m [37m<-- GET /wd/hub/session/8dc58bf8-8224-4bc9-a06b-982d686097a4/contexts [39m[32m200[39m [90m374 ms - 41[39m
[35m[HTTP][39m [90m[39m
[35m[HTTP][39m [37m-->[39m [37mPOST[39m [37m/wd/hub/session/8dc58bf8-8224-4bc9-a06b-982d686097a4/context[39m
[35m[HTTP][39m [90m{"name":"NATIVE_APP"}[39m
[35m[HTTP][39m [37m<-- POST /wd/hub/session/8dc58bf8-8224-4bc9-a06b-982d686097a4/context [39m[32m200[39m [90m2 ms - 14[39m
[35m[HTTP][39m [90m[39m
[35m[HTTP][39m [37m-->[39m [37mGET[39m [37m/wd/hub/session/8dc58bf8-8224-4bc9-a06b-982d686097a4/screenshot[39m
[35m[HTTP][39m [90m{}[39m
[35m[HTTP][39m [37m<-- GET /wd/hub/session/8dc58bf8-8224-4bc9-a06b-982d686097a4/screenshot [39m[32m200[39m [90m851 ms - 189138[39m
[35m[HTTP][39m [90m[39m
[35m[HTTP][39m [37m-->[39m [37mPOST[39m [37m/wd/hub/session/8dc58bf8-8224-4bc9-a06b-982d686097a4/context[39m
[35m[HTTP][39m [90m{"name":"NATIVE_APP"}[39m
[35m[HTTP][39m [37m<-- POST /wd/hub/session/8dc58bf8-8224-4bc9-a06b-982d686097a4/context [39m[32m200[39m [90m3 ms - 14[39m
[35m[HTTP][39m [90m[39m
[35m[HTTP][39m [37m-->[39m [37mPOST[39m [37m/wd/hub/session/8dc58bf8-8224-4bc9-a06b-982d686097a4/timeouts[39m
[35m[HTTP][39m [90m{"implicit":50}[39m
[35m[HTTP][39m [37m<-- POST /wd/hub/session/8dc58bf8-8224-4bc9-a06b-982d686097a4/timeouts [39m[32m200[39m [90m3 ms - 14[39m
[35m[HTTP][39m [90m[39m
[35m[HTTP][39m [37m-->[39m [37mGET[39m [37m/wd/hub/session/8dc58bf8-8224-4bc9-a06b-982d686097a4/window/rect[39m
[35m[HTTP][39m [90m{}[39m
[35m[HTTP][39m [37m<-- GET /wd/hub/session/8dc58bf8-8224-4bc9-a06b-982d686097a4/window/rect [39m[32m200[39m [90m48 ms - 50[39m
[35m[HTTP][39m [90m[39m
[35m[HTTP][39m [37m-->[39m [37mPOST[39m [37m/wd/hub/session/8dc58bf8-8224-4bc9-a06b-982d686097a4/elements[39m
[35m[HTTP][39m [90m{"using":"-android uiautomator","value":"new UiSelector().className(\"android.widget.RelativeLayout\").resourceId(\"com.linkdokter.halodoc.android:id/layoutPhNo\")"}[39m
[35m[HTTP][39m [37m<-- POST /wd/hub/session/8dc58bf8-8224-4bc9-a06b-982d686097a4/elements [39m[32m200[39m [90m149 ms - 139[39m
[35m[HTTP][39m [90m[39m
[35m[HTTP][39m [37m-->[39m [37mGET[39m [37m/wd/hub/session/8dc58bf8-8224-4bc9-a06b-982d686097a4/element/5437e522-bce9-4376-811d-7722e6250fde/location[39m
[35m[HTTP][39m [90m{}[39m
[35m[W3C (8dc58bf8)][39m Driver proxy active, passing request on via HTTP proxy
[35m[WD Proxy][39m Replacing sessionId ad0faabb-c07f-40c8-b1e2-b11ee2349935 with 8dc58bf8-8224-4bc9-a06b-982d686097a4
[35m[HTTP][39m [37m<-- GET /wd/hub/session/8dc58bf8-8224-4bc9-a06b-982d686097a4/element/5437e522-bce9-4376-811d-7722e6250fde/location [39m[32m200[39m [90m128 ms - 79[39m
[35m[HTTP][39m [90m[39m
[35m[HTTP][39m [37m-->[39m [37mPOST[39m [37m/wd/hub/session/8dc58bf8-8224-4bc9-a06b-982d686097a4/timeouts[39m
[35m[HTTP][39m [90m{"implicit":30000}[39m
[35m[HTTP][39m [37m<-- POST /wd/hub/session/8dc58bf8-8224-4bc9-a06b-982d686097a4/timeouts [39m[32m200[39m [90m12 ms - 14[39m
[35m[HTTP][39m [90m[39m
[35m[HTTP][39m [37m-->[39m [37mPOST[39m [37m/wd/hub/session/8dc58bf8-8224-4bc9-a06b-982d686097a4/touch/perform[39m
[35m[HTTP][39m [90m{"actions":[{"action":"tap","options":{"x":1,"y":1,"element":"5437e522-bce9-4376-811d-7722e6250fde"}},{"action":"release","options":{}}]}[39m
[35m[UiAutomator2][39m calling get location: 5437e522-bce9-4376-811d-7722e6250fde
[35m[HTTP][39m [37m<-- POST /wd/hub/session/8dc58bf8-8224-4bc9-a06b-982d686097a4/touch/perform [39m[32m200[39m [90m1488 ms - 14[39m
[35m[HTTP][39m [90m[39m
[35m[HTTP][39m [37m-->[39m [37mGET[39m [37m/wd/hub/session/8dc58bf8-8224-4bc9-a06b-982d686097a4/context[39m
[35m[HTTP][39m [90m{}[39m
[35m[HTTP][39m [37m<-- GET /wd/hub/session/8dc58bf8-8224-4bc9-a06b-982d686097a4/context [39m[32m200[39m [90m2 ms - 22[39m
[35m[HTTP][39m [90m[39m
[35m[HTTP][39m [37m-->[39m [37mGET[39m [37m/wd/hub/session/8dc58bf8-8224-4bc9-a06b-982d686097a4/contexts[39m
[35m[HTTP][39m [90m{}[39m
[35m[AndroidDriver][39m Not checking whether webviews have active pages; use the 'ensureWebviewsHavePages' cap to turn this check on
[35m[HTTP][39m [37m<-- GET /wd/hub/session/8dc58bf8-8224-4bc9-a06b-982d686097a4/contexts [39m[32m200[39m [90m394 ms - 41[39m
[35m[HTTP][39m [90m[39m
[35m[HTTP][39m [37m-->[39m [37mPOST[39m [37m/wd/hub/session/8dc58bf8-8224-4bc9-a06b-982d686097a4/context[39m
[35m[HTTP][39m [90m{"name":"NATIVE_APP"}[39m
[35m[HTTP][39m [37m<-- POST /wd/hub/session/8dc58bf8-8224-4bc9-a06b-982d686097a4/context [39m[32m200[39m [90m2 ms - 14[39m
[35m[HTTP][39m [90m[39m
[35m[HTTP][39m [37m-->[39m [37mPOST[39m [37m/wd/hub/session/8dc58bf8-8224-4bc9-a06b-982d686097a4/appium/device/hide_keyboard[39m
[35m[HTTP][39m [90m{}[39m
[35m[HTTP][39m [37m<-- POST /wd/hub/session/8dc58bf8-8224-4bc9-a06b-982d686097a4/appium/device/hide_keyboard [39m[32m200[39m [90m3212 ms - 14[39m
[35m[HTTP][39m [90m[39m
[35m[HTTP][39m [37m-->[39m [37mPOST[39m [37m/wd/hub/session/8dc58bf8-8224-4bc9-a06b-982d686097a4/context[39m
[35m[HTTP][39m [90m{"name":"NATIVE_APP"}[39m
[35m[HTTP][39m [37m<-- POST /wd/hub/session/8dc58bf8-8224-4bc9-a06b-982d686097a4/context [39m[32m200[39m [90m6 ms - 14[39m
[35m[HTTP][39m [90m[39m
[35m[HTTP][39m [37m-->[39m [37mPOST[39m [37m/wd/hub/session/8dc58bf8-8224-4bc9-a06b-982d686097a4/timeouts[39m
[35m[HTTP][39m [90m{"implicit":50}[39m
[35m[HTTP][39m [37m<-- POST /wd/hub/session/8dc58bf8-8224-4bc9-a06b-982d686097a4/timeouts [39m[32m200[39m [90m3 ms - 14[39m
[35m[HTTP][39m [90m[39m
[35m[HTTP][39m [37m-->[39m [37mGET[39m [37m/wd/hub/session/8dc58bf8-8224-4bc9-a06b-982d686097a4/window/rect[39m
[35m[HTTP][39m [90m{}[39m
[35m[HTTP][39m [37m<-- GET /wd/hub/session/8dc58bf8-8224-4bc9-a06b-982d686097a4/window/rect [39m[32m200[39m [90m53 ms - 50[39m
[35m[HTTP][39m [90m[39m
[35m[HTTP][39m [37m-->[39m [37mPOST[39m [37m/wd/hub/session/8dc58bf8-8224-4bc9-a06b-982d686097a4/elements[39m
[35m[HTTP][39m [90m{"using":"-android uiautomator","value":"new UiSelector().className(\"android.widget.EditText\").resourceId(\"com.linkdokter.halodoc.android:id/ev_phone_number\")"}[39m
[35m[HTTP][39m [37m<-- POST /wd/hub/session/8dc58bf8-8224-4bc9-a06b-982d686097a4/elements [39m[32m200[39m [90m768 ms - 139[39m
[35m[HTTP][39m [90m[39m
[35m[HTTP][39m [37m-->[39m [37mGET[39m [37m/wd/hub/session/8dc58bf8-8224-4bc9-a06b-982d686097a4/element/1a58b093-c8a4-4b92-9311-2885ced16ff1/location[39m
[35m[HTTP][39m [90m{}[39m
[35m[W3C (8dc58bf8)][39m Driver proxy active, passing request on via HTTP proxy
[35m[WD Proxy][39m Replacing sessionId ad0faabb-c07f-40c8-b1e2-b11ee2349935 with 8dc58bf8-8224-4bc9-a06b-982d686097a4
[35m[HTTP][39m [37m<-- GET /wd/hub/session/8dc58bf8-8224-4bc9-a06b-982d686097a4/element/1a58b093-c8a4-4b92-9311-2885ced16ff1/location [39m[32m200[39m [90m103 ms - 78[39m
[35m[HTTP][39m [90m[39m
[35m[HTTP][39m [37m-->[39m [37mPOST[39m [37m/wd/hub/session/8dc58bf8-8224-4bc9-a06b-982d686097a4/timeouts[39m
[35m[HTTP][39m [90m{"implicit":30000}[39m
[35m[HTTP][39m [37m<-- POST /wd/hub/session/8dc58bf8-8224-4bc9-a06b-982d686097a4/timeouts [39m[32m200[39m [90m6 ms - 14[39m
[35m[HTTP][39m [90m[39m
[35m[HTTP][39m [37m-->[39m [37mPOST[39m [37m/wd/hub/session/8dc58bf8-8224-4bc9-a06b-982d686097a4/element/1a58b093-c8a4-4b92-9311-2885ced16ff1/clear[39m
[35m[HTTP][39m [90m{"id":"1a58b093-c8a4-4b92-9311-2885ced16ff1"}[39m
[35m[HTTP][39m [37m<-- POST /wd/hub/session/8dc58bf8-8224-4bc9-a06b-982d686097a4/element/1a58b093-c8a4-4b92-9311-2885ced16ff1/clear [39m[32m200[39m [90m105 ms - 14[39m
[35m[HTTP][39m [90m[39m
[35m[HTTP][39m [37m-->[39m [37mPOST[39m [37m/wd/hub/session/8dc58bf8-8224-4bc9-a06b-982d686097a4/element/1a58b093-c8a4-4b92-9311-2885ced16ff1/value[39m
[35m[HTTP][39m [90m{"id":"1a58b093-c8a4-4b92-9311-2885ced16ff1","text":"081239301331","value":["0","8","1","2","3","9","3","0","1","3","3","1"]}[39m
[35m[HTTP][39m [37m<-- POST /wd/hub/session/8dc58bf8-8224-4bc9-a06b-982d686097a4/element/1a58b093-c8a4-4b92-9311-2885ced16ff1/value [39m[32m200[39m [90m602 ms - 14[39m
[35m[HTTP][39m [90m[39m
[35m[HTTP][39m [37m-->[39m [37mGET[39m [37m/wd/hub/session/8dc58bf8-8224-4bc9-a06b-982d686097a4/context[39m
[35m[HTTP][39m [90m{}[39m
[35m[HTTP][39m [37m<-- GET /wd/hub/session/8dc58bf8-8224-4bc9-a06b-982d686097a4/context [39m[32m200[39m [90m5 ms - 22[39m
[35m[HTTP][39m [90m[39m
[35m[HTTP][39m [37m-->[39m [37mGET[39m [37m/wd/hub/session/8dc58bf8-8224-4bc9-a06b-982d686097a4/contexts[39m
[35m[HTTP][39m [90m{}[39m
[35m[AndroidDriver][39m Not checking whether webviews have active pages; use the 'ensureWebviewsHavePages' cap to turn this check on
[35m[HTTP][39m [37m<-- GET /wd/hub/session/8dc58bf8-8224-4bc9-a06b-982d686097a4/contexts [39m[32m200[39m [90m389 ms - 41[39m
[35m[HTTP][39m [90m[39m
[35m[HTTP][39m [37m-->[39m [37mPOST[39m [37m/wd/hub/session/8dc58bf8-8224-4bc9-a06b-982d686097a4/context[39m
[35m[HTTP][39m [90m{"name":"NATIVE_APP"}[39m
[35m[HTTP][39m [37m<-- POST /wd/hub/session/8dc58bf8-8224-4bc9-a06b-982d686097a4/context [39m[32m200[39m [90m2 ms - 14[39m
[35m[HTTP][39m [90m[39m
[35m[HTTP][39m [37m-->[39m [37mGET[39m [37m/wd/hub/session/8dc58bf8-8224-4bc9-a06b-982d686097a4/screenshot[39m
[35m[HTTP][39m [90m{}[39m
[35m[HTTP][39m [37m<-- GET /wd/hub/session/8dc58bf8-8224-4bc9-a06b-982d686097a4/screenshot [39m[32m200[39m [90m842 ms - 123228[39m
[35m[HTTP][39m [90m[39m
[35m[HTTP][39m [37m-->[39m [37mPOST[39m [37m/wd/hub/session/8dc58bf8-8224-4bc9-a06b-982d686097a4/context[39m
[35m[HTTP][39m [90m{"name":"NATIVE_APP"}[39m
[35m[HTTP][39m [37m<-- POST /wd/hub/session/8dc58bf8-8224-4bc9-a06b-982d686097a4/context [39m[32m200[39m [90m4 ms - 14[39m
[35m[HTTP][39m [90m[39m
[35m[HTTP][39m [37m-->[39m [37mPOST[39m [37m/wd/hub/session/8dc58bf8-8224-4bc9-a06b-982d686097a4/timeouts[39m
[35m[HTTP][39m [90m{"implicit":50}[39m
[35m[HTTP][39m [37m<-- POST /wd/hub/session/8dc58bf8-8224-4bc9-a06b-982d686097a4/timeouts [39m[32m200[39m [90m6 ms - 14[39m
[35m[HTTP][39m [90m[39m
[35m[HTTP][39m [37m-->[39m [37mGET[39m [37m/wd/hub/session/8dc58bf8-8224-4bc9-a06b-982d686097a4/window/rect[39m
[35m[HTTP][39m [90m{}[39m
[35m[HTTP][39m [37m<-- GET /wd/hub/session/8dc58bf8-8224-4bc9-a06b-982d686097a4/window/rect [39m[32m200[39m [90m45 ms - 50[39m
[35m[HTTP][39m [90m[39m
[35m[HTTP][39m [37m-->[39m [37mPOST[39m [37m/wd/hub/session/8dc58bf8-8224-4bc9-a06b-982d686097a4/elements[39m
[35m[HTTP][39m [90m{"using":"-android uiautomator","value":"new UiSelector().className(\"android.widget.Button\").resourceId(\"com.linkdokter.halodoc.android:id/btn_confirm\")"}[39m
[35m[HTTP][39m [37m<-- POST /wd/hub/session/8dc58bf8-8224-4bc9-a06b-982d686097a4/elements [39m[32m200[39m [90m115 ms - 139[39m
[35m[HTTP][39m [90m[39m
[35m[HTTP][39m [37m-->[39m [37mGET[39m [37m/wd/hub/session/8dc58bf8-8224-4bc9-a06b-982d686097a4/element/1e6b56d0-28f3-4d1a-aa90-e2983f18df8d/location[39m
[35m[HTTP][39m [90m{}[39m
[35m[W3C (8dc58bf8)][39m Driver proxy active, passing request on via HTTP proxy
[35m[WD Proxy][39m Replacing sessionId ad0faabb-c07f-40c8-b1e2-b11ee2349935 with 8dc58bf8-8224-4bc9-a06b-982d686097a4
[35m[HTTP][39m [37m<-- GET /wd/hub/session/8dc58bf8-8224-4bc9-a06b-982d686097a4/element/1e6b56d0-28f3-4d1a-aa90-e2983f18df8d/location [39m[32m200[39m [90m83 ms - 78[39m
[35m[HTTP][39m [90m[39m
[35m[HTTP][39m [37m-->[39m [37mPOST[39m [37m/wd/hub/session/8dc58bf8-8224-4bc9-a06b-982d686097a4/timeouts[39m
[35m[HTTP][39m [90m{"implicit":30000}[39m
[35m[HTTP][39m [37m<-- POST /wd/hub/session/8dc58bf8-8224-4bc9-a06b-982d686097a4/timeouts [39m[32m200[39m [90m6 ms - 14[39m
[35m[HTTP][39m [90m[39m
[35m[HTTP][39m [37m-->[39m [37mPOST[39m [37m/wd/hub/session/8dc58bf8-8224-4bc9-a06b-982d686097a4/touch/perform[39m
[35m[HTTP][39m [90m{"actions":[{"action":"tap","options":{"x":1,"y":1,"element":"1e6b56d0-28f3-4d1a-aa90-e2983f18df8d"}},{"action":"release","options":{}}]}[39m
[35m[UiAutomator2][39m calling get location: 1e6b56d0-28f3-4d1a-aa90-e2983f18df8d
[35m[HTTP][39m [37m<-- POST /wd/hub/session/8dc58bf8-8224-4bc9-a06b-982d686097a4/touch/perform [39m[32m200[39m [90m1408 ms - 14[39m
[35m[HTTP][39m [90m[39m
[35m[HTTP][39m [37m-->[39m [37mPOST[39m [37m/wd/hub/session/8dc58bf8-8224-4bc9-a06b-982d686097a4/timeouts[39m
[35m[HTTP][39m [90m{"implicit":50}[39m
[35m[HTTP][39m [37m<-- POST /wd/hub/session/8dc58bf8-8224-4bc9-a06b-982d686097a4/timeouts [39m[32m200[39m [90m4 ms - 14[39m
[35m[HTTP][39m [90m[39m
[35m[HTTP][39m [37m-->[39m [37mGET[39m [37m/wd/hub/session/8dc58bf8-8224-4bc9-a06b-982d686097a4/window/rect[39m
[35m[HTTP][39m [90m{}[39m
[35m[HTTP][39m [37m<-- GET /wd/hub/session/8dc58bf8-8224-4bc9-a06b-982d686097a4/window/rect [39m[32m200[39m [90m57 ms - 50[39m
[35m[HTTP][39m [90m[39m
[35m[HTTP][39m [37m-->[39m [37mPOST[39m [37m/wd/hub/session/8dc58bf8-8224-4bc9-a06b-982d686097a4/elements[39m
[35m[HTTP][39m [90m{"using":"-android uiautomator","value":"new UiSelector().className(\"android.widget.TextView\").text(\"Kami disini untuk kamu!\").resourceId(\"com.linkdokter.halodoc.android:id/tv_we_are_here_for_you\")"}[39m
[35m[HTTP][39m [37m<-- POST /wd/hub/session/8dc58bf8-8224-4bc9-a06b-982d686097a4/elements [39m[32m200[39m [90m529 ms - 12[39m
[35m[HTTP][39m [90m[39m
[35m[HTTP][39m [37m-->[39m [37mPOST[39m [37m/wd/hub/session/8dc58bf8-8224-4bc9-a06b-982d686097a4/elements[39m
[35m[HTTP][39m [90m{"using":"-android uiautomator","value":"new UiSelector().className(\"android.widget.TextView\").text(\"Kami disini untuk kamu!\").resourceId(\"com.linkdokter.halodoc.android:id/tv_we_are_here_for_you\")"}[39m
[35m[HTTP][39m [37m<-- POST /wd/hub/session/8dc58bf8-8224-4bc9-a06b-982d686097a4/elements [39m[32m200[39m [90m97 ms - 12[39m
[35m[HTTP][39m [90m[39m
[35m[HTTP][39m [37m-->[39m [37mPOST[39m [37m/wd/hub/session/8dc58bf8-8224-4bc9-a06b-982d686097a4/elements[39m
[35m[HTTP][39m [90m{"using":"-android uiautomator","value":"new UiSelector().className(\"android.widget.TextView\").text(\"Kami disini untuk kamu!\").resourceId(\"com.linkdokter.halodoc.android:id/tv_we_are_here_for_you\")"}[39m
[35m[HTTP][39m [37m<-- POST /wd/hub/session/8dc58bf8-8224-4bc9-a06b-982d686097a4/elements [39m[32m200[39m [90m79 ms - 12[39m
[35m[HTTP][39m [90m[39m
[35m[HTTP][39m [37m-->[39m [37mPOST[39m [37m/wd/hub/session/8dc58bf8-8224-4bc9-a06b-982d686097a4/elements[39m
[35m[HTTP][39m [90m{"using":"-android uiautomator","value":"new UiSelector().className(\"android.widget.TextView\").text(\"Kami disini untuk kamu!\").resourceId(\"com.linkdokter.halodoc.android:id/tv_we_are_here_for_you\")"}[39m
[35m[HTTP][39m [37m<-- POST /wd/hub/session/8dc58bf8-8224-4bc9-a06b-982d686097a4/elements [39m[32m200[39m [90m81 ms - 12[39m
[35m[HTTP][39m [90m[39m
[35m[HTTP][39m [37m-->[39m [37mPOST[39m [37m/wd/hub/session/8dc58bf8-8224-4bc9-a06b-982d686097a4/elements[39m
[35m[HTTP][39m [90m{"using":"-android uiautomator","value":"new UiSelector().className(\"android.widget.TextView\").text(\"Kami disini untuk kamu!\").resourceId(\"com.linkdokter.halodoc.android:id/tv_we_are_here_for_you\")"}[39m
[35m[HTTP][39m [37m<-- POST /wd/hub/session/8dc58bf8-8224-4bc9-a06b-982d686097a4/elements [39m[32m200[39m [90m69 ms - 12[39m
[35m[HTTP][39m [90m[39m
[35m[HTTP][39m [37m-->[39m [37mPOST[39m [37m/wd/hub/session/8dc58bf8-8224-4bc9-a06b-982d686097a4/elements[39m
[35m[HTTP][39m [90m{"using":"-android uiautomator","value":"new UiSelector().className(\"android.widget.TextView\").text(\"Kami disini untuk kamu!\").resourceId(\"com.linkdokter.halodoc.android:id/tv_we_are_here_for_you\")"}[39m
[35m[HTTP][39m [37m<-- POST /wd/hub/session/8dc58bf8-8224-4bc9-a06b-982d686097a4/elements [39m[32m200[39m [90m70 ms - 12[39m
[35m[HTTP][39m [90m[39m
[35m[HTTP][39m [37m-->[39m [37mPOST[39m [37m/wd/hub/session/8dc58bf8-8224-4bc9-a06b-982d686097a4/elements[39m
[35m[HTTP][39m [90m{"using":"-android uiautomator","value":"new UiSelector().className(\"android.widget.TextView\").text(\"Kami disini untuk kamu!\").resourceId(\"com.linkdokter.halodoc.android:id/tv_we_are_here_for_you\")"}[39m
[35m[HTTP][39m [37m<-- POST /wd/hub/session/8dc58bf8-8224-4bc9-a06b-982d686097a4/elements [39m[32m200[39m [90m551 ms - 12[39m
[35m[HTTP][39m [90m[39m
[35m[HTTP][39m [37m-->[39m [37mPOST[39m [37m/wd/hub/session/8dc58bf8-8224-4bc9-a06b-982d686097a4/elements[39m
[35m[HTTP][39m [90m{"using":"-android uiautomator","value":"new UiSelector().className(\"android.widget.TextView\").text(\"Kami disini untuk kamu!\").resourceId(\"com.linkdokter.halodoc.android:id/tv_we_are_here_for_you\")"}[39m
[35m[HTTP][39m [37m<-- POST /wd/hub/session/8dc58bf8-8224-4bc9-a06b-982d686097a4/elements [39m[32m200[39m [90m86 ms - 12[39m
[35m[HTTP][39m [90m[39m
[35m[HTTP][39m [37m-->[39m [37mPOST[39m [37m/wd/hub/session/8dc58bf8-8224-4bc9-a06b-982d686097a4/elements[39m
[35m[HTTP][39m [90m{"using":"-android uiautomator","value":"new UiSelector().className(\"android.widget.TextView\").text(\"Kami disini untuk kamu!\").resourceId(\"com.linkdokter.halodoc.android:id/tv_we_are_here_for_you\")"}[39m
[35m[HTTP][39m [37m<-- POST /wd/hub/session/8dc58bf8-8224-4bc9-a06b-982d686097a4/elements [39m[32m200[39m [90m83 ms - 12[39m
[35m[HTTP][39m [90m[39m
[35m[HTTP][39m [37m-->[39m [37mPOST[39m [37m/wd/hub/session/8dc58bf8-8224-4bc9-a06b-982d686097a4/elements[39m
[35m[HTTP][39m [90m{"using":"-android uiautomator","value":"new UiSelector().className(\"android.widget.TextView\").text(\"Kami disini untuk kamu!\").resourceId(\"com.linkdokter.halodoc.android:id/tv_we_are_here_for_you\")"}[39m
[35m[HTTP][39m [37m<-- POST /wd/hub/session/8dc58bf8-8224-4bc9-a06b-982d686097a4/elements [39m[32m200[39m [90m84 ms - 12[39m
[35m[HTTP][39m [90m[39m
[35m[HTTP][39m [37m-->[39m [37mPOST[39m [37m/wd/hub/session/8dc58bf8-8224-4bc9-a06b-982d686097a4/elements[39m
[35m[HTTP][39m [90m{"using":"-android uiautomator","value":"new UiSelector().className(\"android.widget.TextView\").text(\"Kami disini untuk kamu!\").resourceId(\"com.linkdokter.halodoc.android:id/tv_we_are_here_for_you\")"}[39m
[35m[HTTP][39m [37m<-- POST /wd/hub/session/8dc58bf8-8224-4bc9-a06b-982d686097a4/elements [39m[32m200[39m [90m70 ms - 12[39m
[35m[HTTP][39m [90m[39m
[35m[HTTP][39m [37m-->[39m [37mPOST[39m [37m/wd/hub/session/8dc58bf8-8224-4bc9-a06b-982d686097a4/elements[39m
[35m[HTTP][39m [90m{"using":"-android uiautomator","value":"new UiSelector().className(\"android.widget.TextView\").text(\"Kami disini untuk kamu!\").resourceId(\"com.linkdokter.halodoc.android:id/tv_we_are_here_for_you\")"}[39m
[35m[HTTP][39m [37m<-- POST /wd/hub/session/8dc58bf8-8224-4bc9-a06b-982d686097a4/elements [39m[32m200[39m [90m91 ms - 12[39m
[35m[HTTP][39m [90m[39m
[35m[HTTP][39m [37m-->[39m [37mPOST[39m [37m/wd/hub/session/8dc58bf8-8224-4bc9-a06b-982d686097a4/elements[39m
[35m[HTTP][39m [90m{"using":"-android uiautomator","value":"new UiSelector().className(\"android.widget.TextView\").text(\"Kami disini untuk kamu!\").resourceId(\"com.linkdokter.halodoc.android:id/tv_we_are_here_for_you\")"}[39m
[35m[HTTP][39m [37m<-- POST /wd/hub/session/8dc58bf8-8224-4bc9-a06b-982d686097a4/elements [39m[32m200[39m [90m536 ms - 12[39m
[35m[HTTP][39m [90m[39m
[35m[HTTP][39m [37m-->[39m [37mPOST[39m [37m/wd/hub/session/8dc58bf8-8224-4bc9-a06b-982d686097a4/elements[39m
[35m[HTTP][39m [90m{"using":"-android uiautomator","value":"new UiSelector().className(\"android.widget.TextView\").text(\"Kami disini untuk kamu!\").resourceId(\"com.linkdokter.halodoc.android:id/tv_we_are_here_for_you\")"}[39m
[35m[HTTP][39m [37m<-- POST /wd/hub/session/8dc58bf8-8224-4bc9-a06b-982d686097a4/elements [39m[32m200[39m [90m79 ms - 12[39m
[35m[HTTP][39m [90m[39m
[35m[HTTP][39m [37m-->[39m [37mPOST[39m [37m/wd/hub/session/8dc58bf8-8224-4bc9-a06b-982d686097a4/elements[39m
[35m[HTTP][39m [90m{"using":"-android uiautomator","value":"new UiSelector().className(\"android.widget.TextView\").text(\"Kami disini untuk kamu!\").resourceId(\"com.linkdokter.halodoc.android:id/tv_we_are_here_for_you\")"}[39m
[35m[HTTP][39m [37m<-- POST /wd/hub/session/8dc58bf8-8224-4bc9-a06b-982d686097a4/elements [39m[32m200[39m [90m67 ms - 12[39m
[35m[HTTP][39m [90m[39m
[35m[HTTP][39m [37m-->[39m [37mPOST[39m [37m/wd/hub/session/8dc58bf8-8224-4bc9-a06b-982d686097a4/elements[39m
[35m[HTTP][39m [90m{"using":"-android uiautomator","value":"new UiSelector().className(\"android.widget.TextView\").text(\"Kami disini untuk kamu!\").resourceId(\"com.linkdokter.halodoc.android:id/tv_we_are_here_for_you\")"}[39m
[35m[HTTP][39m [37m<-- POST /wd/hub/session/8dc58bf8-8224-4bc9-a06b-982d686097a4/elements [39m[32m200[39m [90m72 ms - 12[39m
[35m[HTTP][39m [90m[39m
[35m[HTTP][39m [37m-->[39m [37mPOST[39m [37m/wd/hub/session/8dc58bf8-8224-4bc9-a06b-982d686097a4/elements[39m
[35m[HTTP][39m [90m{"using":"-android uiautomator","value":"new UiSelector().className(\"android.widget.TextView\").text(\"Kami disini untuk kamu!\").resourceId(\"com.linkdokter.halodoc.android:id/tv_we_are_here_for_you\")"}[39m
[35m[HTTP][39m [37m<-- POST /wd/hub/session/8dc58bf8-8224-4bc9-a06b-982d686097a4/elements [39m[32m200[39m [90m71 ms - 12[39m
[35m[HTTP][39m [90m[39m
[35m[HTTP][39m [37m-->[39m [37mPOST[39m [37m/wd/hub/session/8dc58bf8-8224-4bc9-a06b-982d686097a4/elements[39m
[35m[HTTP][39m [90m{"using":"-android uiautomator","value":"new UiSelector().className(\"android.widget.TextView\").text(\"Kami disini untuk kamu!\").resourceId(\"com.linkdokter.halodoc.android:id/tv_we_are_here_for_you\")"}[39m
[35m[HTTP][39m [37m<-- POST /wd/hub/session/8dc58bf8-8224-4bc9-a06b-982d686097a4/elements [39m[32m200[39m [90m78 ms - 12[39m
[35m[HTTP][39m [90m[39m
[35m[HTTP][39m [37m-->[39m [37mPOST[39m [37m/wd/hub/session/8dc58bf8-8224-4bc9-a06b-982d686097a4/elements[39m
[35m[HTTP][39m [90m{"using":"-android uiautomator","value":"new UiSelector().className(\"android.widget.TextView\").text(\"Kami disini untuk kamu!\").resourceId(\"com.linkdokter.halodoc.android:id/tv_we_are_here_for_you\")"}[39m
[35m[HTTP][39m [37m<-- POST /wd/hub/session/8dc58bf8-8224-4bc9-a06b-982d686097a4/elements [39m[32m200[39m [90m560 ms - 12[39m
[35m[HTTP][39m [90m[39m
[35m[HTTP][39m [37m-->[39m [37mPOST[39m [37m/wd/hub/session/8dc58bf8-8224-4bc9-a06b-982d686097a4/elements[39m
[35m[HTTP][39m [90m{"using":"-android uiautomator","value":"new UiSelector().className(\"android.widget.TextView\").text(\"Kami disini untuk kamu!\").resourceId(\"com.linkdokter.halodoc.android:id/tv_we_are_here_for_you\")"}[39m
[35m[HTTP][39m [37m<-- POST /wd/hub/session/8dc58bf8-8224-4bc9-a06b-982d686097a4/elements [39m[32m200[39m [90m64 ms - 12[39m
[35m[HTTP][39m [90m[39m
[35m[HTTP][39m [37m-->[39m [37mPOST[39m [37m/wd/hub/session/8dc58bf8-8224-4bc9-a06b-982d686097a4/elements[39m
[35m[HTTP][39m [90m{"using":"-android uiautomator","value":"new UiSelector().className(\"android.widget.TextView\").text(\"Kami disini untuk kamu!\").resourceId(\"com.linkdokter.halodoc.android:id/tv_we_are_here_for_you\")"}[39m
[35m[HTTP][39m [37m<-- POST /wd/hub/session/8dc58bf8-8224-4bc9-a06b-982d686097a4/elements [39m[32m200[39m [90m73 ms - 12[39m
[35m[HTTP][39m [90m[39m
[35m[HTTP][39m [37m-->[39m [37mPOST[39m [37m/wd/hub/session/8dc58bf8-8224-4bc9-a06b-982d686097a4/elements[39m
[35m[HTTP][39m [90m{"using":"-android uiautomator","value":"new UiSelector().className(\"android.widget.TextView\").text(\"Kami disini untuk kamu!\").resourceId(\"com.linkdokter.halodoc.android:id/tv_we_are_here_for_you\")"}[39m
[35m[HTTP][39m [37m<-- POST /wd/hub/session/8dc58bf8-8224-4bc9-a06b-982d686097a4/elements [39m[32m200[39m [90m81 ms - 12[39m
[35m[HTTP][39m [90m[39m
[35m[HTTP][39m [37m-->[39m [37mPOST[39m [37m/wd/hub/session/8dc58bf8-8224-4bc9-a06b-982d686097a4/elements[39m
[35m[HTTP][39m [90m{"using":"-android uiautomator","value":"new UiSelector().className(\"android.widget.TextView\").text(\"Kami disini untuk kamu!\").resourceId(\"com.linkdokter.halodoc.android:id/tv_we_are_here_for_you\")"}[39m
[35m[HTTP][39m [37m<-- POST /wd/hub/session/8dc58bf8-8224-4bc9-a06b-982d686097a4/elements [39m[32m200[39m [90m66 ms - 12[39m
[35m[HTTP][39m [90m[39m
[35m[HTTP][39m [37m-->[39m [37mPOST[39m [37m/wd/hub/session/8dc58bf8-8224-4bc9-a06b-982d686097a4/elements[39m
[35m[HTTP][39m [90m{"using":"-android uiautomator","value":"new UiSelector().className(\"android.widget.TextView\").text(\"Kami disini untuk kamu!\").resourceId(\"com.linkdokter.halodoc.android:id/tv_we_are_here_for_you\")"}[39m
[35m[HTTP][39m [37m<-- POST /wd/hub/session/8dc58bf8-8224-4bc9-a06b-982d686097a4/elements [39m[32m200[39m [90m71 ms - 12[39m
[35m[HTTP][39m [90m[39m
[35m[HTTP][39m [37m-->[39m [37mPOST[39m [37m/wd/hub/session/8dc58bf8-8224-4bc9-a06b-982d686097a4/elements[39m
[35m[HTTP][39m [90m{"using":"-android uiautomator","value":"new UiSelector().className(\"android.widget.TextView\").text(\"Kami disini untuk kamu!\").resourceId(\"com.linkdokter.halodoc.android:id/tv_we_are_here_for_you\")"}[39m
[35m[HTTP][39m [37m<-- POST /wd/hub/session/8dc58bf8-8224-4bc9-a06b-982d686097a4/elements [39m[32m200[39m [90m72 ms - 12[39m
[35m[HTTP][39m [90m[39m
[35m[HTTP][39m [37m-->[39m [37mPOST[39m [37m/wd/hub/session/8dc58bf8-8224-4bc9-a06b-982d686097a4/elements[39m
[35m[HTTP][39m [90m{"using":"-android uiautomator","value":"new UiSelector().className(\"android.widget.TextView\").text(\"Kami disini untuk kamu!\").resourceId(\"com.linkdokter.halodoc.android:id/tv_we_are_here_for_you\")"}[39m
[35m[HTTP][39m [37m<-- POST /wd/hub/session/8dc58bf8-8224-4bc9-a06b-982d686097a4/elements [39m[32m200[39m [90m558 ms - 12[39m
[35m[HTTP][39m [90m[39m
[35m[HTTP][39m [37m-->[39m [37mPOST[39m [37m/wd/hub/session/8dc58bf8-8224-4bc9-a06b-982d686097a4/elements[39m
[35m[HTTP][39m [90m{"using":"-android uiautomator","value":"new UiSelector().className(\"android.widget.TextView\").text(\"Kami disini untuk kamu!\").resourceId(\"com.linkdokter.halodoc.android:id/tv_we_are_here_for_you\")"}[39m
[35m[HTTP][39m [37m<-- POST /wd/hub/session/8dc58bf8-8224-4bc9-a06b-982d686097a4/elements [39m[32m200[39m [90m71 ms - 12[39m
[35m[HTTP][39m [90m[39m
[35m[HTTP][39m [37m-->[39m [37mPOST[39m [37m/wd/hub/session/8dc58bf8-8224-4bc9-a06b-982d686097a4/elements[39m
[35m[HTTP][39m [90m{"using":"-android uiautomator","value":"new UiSelector().className(\"android.widget.TextView\").text(\"Kami disini untuk kamu!\").resourceId(\"com.linkdokter.halodoc.android:id/tv_we_are_here_for_you\")"}[39m
[35m[HTTP][39m [37m<-- POST /wd/hub/session/8dc58bf8-8224-4bc9-a06b-982d686097a4/elements [39m[32m200[39m [90m82 ms - 12[39m
[35m[HTTP][39m [90m[39m
[35m[HTTP][39m [37m-->[39m [37mPOST[39m [37m/wd/hub/session/8dc58bf8-8224-4bc9-a06b-982d686097a4/elements[39m
[35m[HTTP][39m [90m{"using":"-android uiautomator","value":"new UiSelector().className(\"android.widget.TextView\").text(\"Kami disini untuk kamu!\").resourceId(\"com.linkdokter.halodoc.android:id/tv_we_are_here_for_you\")"}[39m
[35m[HTTP][39m [37m<-- POST /wd/hub/session/8dc58bf8-8224-4bc9-a06b-982d686097a4/elements [39m[32m200[39m [90m113 ms - 12[39m
[35m[HTTP][39m [90m[39m
[35m[HTTP][39m [37m-->[39m [37mPOST[39m [37m/wd/hub/session/8dc58bf8-8224-4bc9-a06b-982d686097a4/elements[39m
[35m[HTTP][39m [90m{"using":"-android uiautomator","value":"new UiSelector().className(\"android.widget.TextView\").text(\"Kami disini untuk kamu!\").resourceId(\"com.linkdokter.halodoc.android:id/tv_we_are_here_for_you\")"}[39m
[35m[HTTP][39m [37m<-- POST /wd/hub/session/8dc58bf8-8224-4bc9-a06b-982d686097a4/elements [39m[32m200[39m [90m78 ms - 12[39m
[35m[HTTP][39m [90m[39m
[35m[HTTP][39m [37m-->[39m [37mPOST[39m [37m/wd/hub/session/8dc58bf8-8224-4bc9-a06b-982d686097a4/elements[39m
[35m[HTTP][39m [90m{"using":"-android uiautomator","value":"new UiSelector().className(\"android.widget.TextView\").text(\"Kami disini untuk kamu!\").resourceId(\"com.linkdokter.halodoc.android:id/tv_we_are_here_for_you\")"}[39m
[35m[HTTP][39m [37m<-- POST /wd/hub/session/8dc58bf8-8224-4bc9-a06b-982d686097a4/elements [39m[32m200[39m [90m575 ms - 12[39m
[35m[HTTP][39m [90m[39m
[35m[HTTP][39m [37m-->[39m [37mPOST[39m [37m/wd/hub/session/8dc58bf8-8224-4bc9-a06b-982d686097a4/elements[39m
[35m[HTTP][39m [90m{"using":"-android uiautomator","value":"new UiSelector().className(\"android.widget.TextView\").text(\"Kami disini untuk kamu!\").resourceId(\"com.linkdokter.halodoc.android:id/tv_we_are_here_for_you\")"}[39m
[35m[HTTP][39m [37m<-- POST /wd/hub/session/8dc58bf8-8224-4bc9-a06b-982d686097a4/elements [39m[32m200[39m [90m67 ms - 12[39m
[35m[HTTP][39m [90m[39m
[35m[HTTP][39m [37m-->[39m [37mPOST[39m [37m/wd/hub/session/8dc58bf8-8224-4bc9-a06b-982d686097a4/elements[39m
[35m[HTTP][39m [90m{"using":"-android uiautomator","value":"new UiSelector().className(\"android.widget.TextView\").text(\"Kami disini untuk kamu!\").resourceId(\"com.linkdokter.halodoc.android:id/tv_we_are_here_for_you\")"}[39m
[35m[HTTP][39m [37m<-- POST /wd/hub/session/8dc58bf8-8224-4bc9-a06b-982d686097a4/elements [39m[32m200[39m [90m60 ms - 12[39m
[35m[HTTP][39m [90m[39m
[35m[HTTP][39m [37m-->[39m [37mPOST[39m [37m/wd/hub/session/8dc58bf8-8224-4bc9-a06b-982d686097a4/elements[39m
[35m[HTTP][39m [90m{"using":"-android uiautomator","value":"new UiSelector().className(\"android.widget.TextView\").text(\"Kami disini untuk kamu!\").resourceId(\"com.linkdokter.halodoc.android:id/tv_we_are_here_for_you\")"}[39m
[35m[HTTP][39m [37m<-- POST /wd/hub/session/8dc58bf8-8224-4bc9-a06b-982d686097a4/elements [39m[32m200[39m [90m66 ms - 12[39m
[35m[HTTP][39m [90m[39m
[35m[HTTP][39m [37m-->[39m [37mPOST[39m [37m/wd/hub/session/8dc58bf8-8224-4bc9-a06b-982d686097a4/elements[39m
[35m[HTTP][39m [90m{"using":"-android uiautomator","value":"new UiSelector().className(\"android.widget.TextView\").text(\"Kami disini untuk kamu!\").resourceId(\"com.linkdokter.halodoc.android:id/tv_we_are_here_for_you\")"}[39m
[35m[HTTP][39m [37m<-- POST /wd/hub/session/8dc58bf8-8224-4bc9-a06b-982d686097a4/elements [39m[32m200[39m [90m60 ms - 12[39m
[35m[HTTP][39m [90m[39m
[35m[HTTP][39m [37m-->[39m [37mPOST[39m [37m/wd/hub/session/8dc58bf8-8224-4bc9-a06b-982d686097a4/elements[39m
[35m[HTTP][39m [90m{"using":"-android uiautomator","value":"new UiSelector().className(\"android.widget.TextView\").text(\"Kami disini untuk kamu!\").resourceId(\"com.linkdokter.halodoc.android:id/tv_we_are_here_for_you\")"}[39m
[35m[HTTP][39m [37m<-- POST /wd/hub/session/8dc58bf8-8224-4bc9-a06b-982d686097a4/elements [39m[32m200[39m [90m76 ms - 12[39m
[35m[HTTP][39m [90m[39m
[35m[HTTP][39m [37m-->[39m [37mPOST[39m [37m/wd/hub/session/8dc58bf8-8224-4bc9-a06b-982d686097a4/elements[39m
[35m[HTTP][39m [90m{"using":"-android uiautomator","value":"new UiSelector().className(\"android.widget.TextView\").text(\"Kami disini untuk kamu!\").resourceId(\"com.linkdokter.halodoc.android:id/tv_we_are_here_for_you\")"}[39m
[35m[HTTP][39m [37m<-- POST /wd/hub/session/8dc58bf8-8224-4bc9-a06b-982d686097a4/elements [39m[32m200[39m [90m59 ms - 12[39m
[35m[HTTP][39m [90m[39m
[35m[HTTP][39m [37m-->[39m [37mPOST[39m [37m/wd/hub/session/8dc58bf8-8224-4bc9-a06b-982d686097a4/elements[39m
[35m[HTTP][39m [90m{"using":"-android uiautomator","value":"new UiSelector().className(\"android.widget.TextView\").text(\"Kami disini untuk kamu!\").resourceId(\"com.linkdokter.halodoc.android:id/tv_we_are_here_for_you\")"}[39m
[35m[HTTP][39m [37m<-- POST /wd/hub/session/8dc58bf8-8224-4bc9-a06b-982d686097a4/elements [39m[32m200[39m [90m538 ms - 12[39m
[35m[HTTP][39m [90m[39m
[35m[HTTP][39m [37m-->[39m [37mPOST[39m [37m/wd/hub/session/8dc58bf8-8224-4bc9-a06b-982d686097a4/elements[39m
[35m[HTTP][39m [90m{"using":"-android uiautomator","value":"new UiSelector().className(\"android.widget.TextView\").text(\"Kami disini untuk kamu!\").resourceId(\"com.linkdokter.halodoc.android:id/tv_we_are_here_for_you\")"}[39m
[35m[HTTP][39m [37m<-- POST /wd/hub/session/8dc58bf8-8224-4bc9-a06b-982d686097a4/elements [39m[32m200[39m [90m3637 ms - 12[39m
[35m[HTTP][39m [90m[39m
[35m[HTTP][39m [37m-->[39m [37mPOST[39m [37m/wd/hub/session/8dc58bf8-8224-4bc9-a06b-982d686097a4/elements[39m
[35m[HTTP][39m [90m{"using":"-android uiautomator","value":"new UiSelector().className(\"android.widget.TextView\").text(\"Kami disini untuk kamu!\").resourceId(\"com.linkdokter.halodoc.android:id/tv_we_are_here_for_you\")"}[39m
[35m[HTTP][39m [37m<-- POST /wd/hub/session/8dc58bf8-8224-4bc9-a06b-982d686097a4/elements [39m[32m200[39m [90m99 ms - 12[39m
[35m[HTTP][39m [90m[39m
[35m[HTTP][39m [37m-->[39m [37mPOST[39m [37m/wd/hub/session/8dc58bf8-8224-4bc9-a06b-982d686097a4/elements[39m
[35m[HTTP][39m [90m{"using":"-android uiautomator","value":"new UiSelector().className(\"android.widget.TextView\").text(\"Kami disini untuk kamu!\").resourceId(\"com.linkdokter.halodoc.android:id/tv_we_are_here_for_you\")"}[39m
[35m[HTTP][39m [37m<-- POST /wd/hub/session/8dc58bf8-8224-4bc9-a06b-982d686097a4/elements [39m[32m200[39m [90m70 ms - 12[39m
[35m[HTTP][39m [90m[39m
[35m[HTTP][39m [37m-->[39m [37mPOST[39m [37m/wd/hub/session/8dc58bf8-8224-4bc9-a06b-982d686097a4/elements[39m
[35m[HTTP][39m [90m{"using":"-android uiautomator","value":"new UiSelector().className(\"android.widget.TextView\").text(\"Kami disini untuk kamu!\").resourceId(\"com.linkdokter.halodoc.android:id/tv_we_are_here_for_you\")"}[39m
[35m[HTTP][39m [37m<-- POST /wd/hub/session/8dc58bf8-8224-4bc9-a06b-982d686097a4/elements [39m[32m200[39m [90m69 ms - 12[39m
[35m[HTTP][39m [90m[39m
[35m[HTTP][39m [37m-->[39m [37mPOST[39m [37m/wd/hub/session/8dc58bf8-8224-4bc9-a06b-982d686097a4/elements[39m
[35m[HTTP][39m [90m{"using":"-android uiautomator","value":"new UiSelector().className(\"android.widget.TextView\").text(\"Kami disini untuk kamu!\").resourceId(\"com.linkdokter.halodoc.android:id/tv_we_are_here_for_you\")"}[39m
[35m[HTTP][39m [37m<-- POST /wd/hub/session/8dc58bf8-8224-4bc9-a06b-982d686097a4/elements [39m[32m200[39m [90m67 ms - 12[39m
[35m[HTTP][39m [90m[39m
[35m[HTTP][39m [37m-->[39m [37mPOST[39m [37m/wd/hub/session/8dc58bf8-8224-4bc9-a06b-982d686097a4/elements[39m
[35m[HTTP][39m [90m{"using":"-android uiautomator","value":"new UiSelector().className(\"android.widget.TextView\").text(\"Kami disini untuk kamu!\").resourceId(\"com.linkdokter.halodoc.android:id/tv_we_are_here_for_you\")"}[39m
[35m[HTTP][39m [37m<-- POST /wd/hub/session/8dc58bf8-8224-4bc9-a06b-982d686097a4/elements [39m[32m200[39m [90m90 ms - 12[39m
[35m[HTTP][39m [90m[39m
[35m[HTTP][39m [37m-->[39m [37mPOST[39m [37m/wd/hub/session/8dc58bf8-8224-4bc9-a06b-982d686097a4/elements[39m
[35m[HTTP][39m [90m{"using":"-android uiautomator","value":"new UiSelector().className(\"android.widget.TextView\").text(\"Kami disini untuk kamu!\").resourceId(\"com.linkdokter.halodoc.android:id/tv_we_are_here_for_you\")"}[39m
[35m[HTTP][39m [37m<-- POST /wd/hub/session/8dc58bf8-8224-4bc9-a06b-982d686097a4/elements [39m[32m200[39m [90m88 ms - 12[39m
[35m[HTTP][39m [90m[39m
[35m[HTTP][39m [37m-->[39m [37mPOST[39m [37m/wd/hub/session/8dc58bf8-8224-4bc9-a06b-982d686097a4/elements[39m
[35m[HTTP][39m [90m{"using":"-android uiautomator","value":"new UiSelector().className(\"android.widget.TextView\").text(\"Kami disini untuk kamu!\").resourceId(\"com.linkdokter.halodoc.android:id/tv_we_are_here_for_you\")"}[39m
[35m[HTTP][39m [37m<-- POST /wd/hub/session/8dc58bf8-8224-4bc9-a06b-982d686097a4/elements [39m[32m200[39m [90m96 ms - 12[39m
[35m[HTTP][39m [90m[39m
[35m[HTTP][39m [37m-->[39m [37mPOST[39m [37m/wd/hub/session/8dc58bf8-8224-4bc9-a06b-982d686097a4/elements[39m
[35m[HTTP][39m [90m{"using":"-android uiautomator","value":"new UiSelector().className(\"android.widget.TextView\").text(\"Kami disini untuk kamu!\").resourceId(\"com.linkdokter.halodoc.android:id/tv_we_are_here_for_you\")"}[39m
[35m[HTTP][39m [37m<-- POST /wd/hub/session/8dc58bf8-8224-4bc9-a06b-982d686097a4/elements [39m[32m200[39m [90m93 ms - 12[39m
[35m[HTTP][39m [90m[39m
[35m[HTTP][39m [37m-->[39m [37mPOST[39m [37m/wd/hub/session/8dc58bf8-8224-4bc9-a06b-982d686097a4/elements[39m
[35m[HTTP][39m [90m{"using":"-android uiautomator","value":"new UiSelector().className(\"android.widget.TextView\").text(\"Kami disini untuk kamu!\").resourceId(\"com.linkdokter.halodoc.android:id/tv_we_are_here_for_you\")"}[39m
[35m[HTTP][39m [37m<-- POST /wd/hub/session/8dc58bf8-8224-4bc9-a06b-982d686097a4/elements [39m[32m200[39m [90m98 ms - 12[39m
[35m[HTTP][39m [90m[39m
[35m[HTTP][39m [37m-->[39m [37mPOST[39m [37m/wd/hub/session/8dc58bf8-8224-4bc9-a06b-982d686097a4/elements[39m
[35m[HTTP][39m [90m{"using":"-android uiautomator","value":"new UiSelector().className(\"android.widget.TextView\").text(\"Kami disini untuk kamu!\").resourceId(\"com.linkdokter.halodoc.android:id/tv_we_are_here_for_you\")"}[39m
[35m[HTTP][39m [37m<-- POST /wd/hub/session/8dc58bf8-8224-4bc9-a06b-982d686097a4/elements [39m[32m200[39m [90m87 ms - 12[39m
[35m[HTTP][39m [90m[39m
[35m[HTTP][39m [37m-->[39m [37mPOST[39m [37m/wd/hub/session/8dc58bf8-8224-4bc9-a06b-982d686097a4/elements[39m
[35m[HTTP][39m [90m{"using":"-android uiautomator","value":"new UiSelector().className(\"android.widget.TextView\").text(\"Kami disini untuk kamu!\").resourceId(\"com.linkdokter.halodoc.android:id/tv_we_are_here_for_you\")"}[39m
[35m[HTTP][39m [37m<-- POST /wd/hub/session/8dc58bf8-8224-4bc9-a06b-982d686097a4/elements [39m[32m200[39m [90m77 ms - 12[39m
[35m[HTTP][39m [90m[39m
[35m[HTTP][39m [37m-->[39m [37mPOST[39m [37m/wd/hub/session/8dc58bf8-8224-4bc9-a06b-982d686097a4/elements[39m
[35m[HTTP][39m [90m{"using":"-android uiautomator","value":"new UiSelector().className(\"android.widget.TextView\").text(\"Kami disini untuk kamu!\").resourceId(\"com.linkdokter.halodoc.android:id/tv_we_are_here_for_you\")"}[39m
[35m[HTTP][39m [37m<-- POST /wd/hub/session/8dc58bf8-8224-4bc9-a06b-982d686097a4/elements [39m[32m200[39m [90m88 ms - 12[39m
[35m[HTTP][39m [90m[39m
[35m[HTTP][39m [37m-->[39m [37mPOST[39m [37m/wd/hub/session/8dc58bf8-8224-4bc9-a06b-982d686097a4/elements[39m
[35m[HTTP][39m [90m{"using":"-android uiautomator","value":"new UiSelector().className(\"android.widget.TextView\").text(\"Kami disini untuk kamu!\").resourceId(\"com.linkdokter.halodoc.android:id/tv_we_are_here_for_you\")"}[39m
[35m[HTTP][39m [37m<-- POST /wd/hub/session/8dc58bf8-8224-4bc9-a06b-982d686097a4/elements [39m[32m200[39m [90m55 ms - 12[39m
[35m[HTTP][39m [90m[39m
[35m[HTTP][39m [37m-->[39m [37mPOST[39m [37m/wd/hub/session/8dc58bf8-8224-4bc9-a06b-982d686097a4/elements[39m
[35m[HTTP][39m [90m{"using":"-android uiautomator","value":"new UiSelector().className(\"android.widget.TextView\").text(\"Kami disini untuk kamu!\").resourceId(\"com.linkdokter.halodoc.android:id/tv_we_are_here_for_you\")"}[39m
[35m[HTTP][39m [37m<-- POST /wd/hub/session/8dc58bf8-8224-4bc9-a06b-982d686097a4/elements [39m[32m-[39m [90m- ms - -[39m
[35m[HTTP][39m [90m[39m
